<<<<<<< HEAD
<<<<<<< HEAD
2017-04-24 18:30 => function : userLogin || User Appolyon just connected.
2017-04-24 18:39 => function : insertArticles || User Appolyon just created a new Article named Je .
2017-04-24 18:40 => function : insertArticles || User Appolyon just created a new Article named Je .
2017-04-24 18:40 => function : insertArticles || User Appolyon just created a new Article named Je .
2017-04-24 18:40 => function : insertArticles || User Appolyon just created a new Article named Je .
2017-04-24 18:40 => function : insertArticles || User Appolyon just created a new Article named Je .
2017-04-24 18:40 => function : insertArticles || User Appolyon just created a new Article named Je .
2017-04-24 18:45 => function : insertArticles || User Appolyon just created a new Article named Hello.
2017-04-24 19:37 => function : emailEdition || User Appolyon just updated his email to appolyon@honor.com.
2017-04-24 19:37 => function : emailEdition || User Appolyon just updated his email to appolyon@honor.com.
2017-04-24 19:43 => function : emailEdition || User Appolyon just updated his email to appolyon@honor.com.
2017-04-24 19:46 => function : insertArticles || User Appolyon just created a new Article named Je.
2017-04-24 19:47 => function : insertArticles || User Appolyon just created a new Article named Je.
2017-04-24 19:49 => function : insertArticles || User Appolyon just created a new Article named Jefez.
2017-04-24 19:49 => function : insertArticles || User Appolyon just created a new Article named Je.
2017-04-24 19:50 => function : insertArticles || User Appolyon just created a new Article named Je.
2017-04-24 19:50 => function : insertArticles || User Appolyon just created a new Article named Jed.
2017-04-24 21:10 => function : userRegister || User Berserker just register.
2017-04-24 21:10 => function : userLogin || User Berserker just connected.
=======
>>>>>>> 396e7ac5911201071a75e26a6f7bf071a5719dcf
2017-04-25 10:10 => function : addCommentary || User Appolyon just added a commentary .
2017-04-25 10:10 => function : addCommentary || User Appolyon just added a commentary .
2017-04-25 10:10 => function : addCommentary || User Appolyon just added a commentary .
2017-04-25 10:10 => function : addCommentary || User Appolyon just added a commentary .
2017-04-25 10:10 => function : addCommentary || User Appolyon just added a commentary .
2017-04-25 10:11 => function : addCommentary || User Appolyon just added a commentary .
2017-04-25 10:11 => function : addCommentary || User Appolyon just added a commentary .
2017-04-25 10:11 => function : addCommentary || User Appolyon just added a commentary .
2017-04-25 10:11 => function : addCommentary || User Appolyon just added a commentary .
2017-04-25 10:11 => function : addCommentary || User Appolyon just added a commentary .
2017-04-25 10:11 => function : addCommentary || User Appolyon just added a commentary .
2017-04-25 10:13 => function : addCommentary || User Appolyon just added a commentary .
2017-04-25 10:14 => function : addCommentary || User Appolyon just added a commentary .
2017-04-25 10:14 => function : addCommentary || User Appolyon just added a commentary .
2017-04-25 10:17 => function : addCommentary || User Appolyon just added a commentary .
2017-04-25 10:17 => function : addCommentary || User Appolyon just added a commentary .
2017-04-25 10:17 => function : addCommentary || User Appolyon just added a commentary .
2017-04-25 10:17 => function : addCommentary || User Appolyon just added a commentary .
2017-04-25 10:17 => function : addCommentary || User Appolyon just added a commentary .
2017-04-25 10:17 => function : addCommentary || User Appolyon just added a commentary .
2017-04-25 10:18 => function : addCommentary || User Appolyon just added a commentary .
2017-04-25 10:18 => function : addCommentary || User Appolyon just added a commentary .
2017-04-25 10:23 => function : addCommentary || User Appolyon just added a commentary .
2017-04-25 10:23 => function : addCommentary || User Appolyon just added a commentary .
2017-04-25 10:23 => function : addCommentary || User Appolyon just added a commentary .
2017-04-25 10:28 => function : addCommentary || User Appolyon just added a commentary .
2017-04-25 10:28 => function : addCommentary || User Appolyon just added a commentary .
2017-04-25 10:29 => function : addCommentary || User Appolyon just added a commentary .
2017-04-25 10:29 => function : addCommentary || User Appolyon just added a commentary .
2017-04-25 10:29 => function : addCommentary || User Appolyon just added a commentary .
2017-04-25 10:29 => function : addCommentary || User Appolyon just added a commentary .
2017-04-25 10:31 => function : addCommentary || User Appolyon just added a commentary .
2017-04-25 10:31 => function : addCommentary || User Appolyon just added a commentary .
2017-04-25 10:31 => function : addCommentary || User Appolyon just added a commentary .
2017-04-25 10:32 => function : addCommentary || User Appolyon just added a commentary .
2017-04-25 10:32 => function : addCommentary || User Appolyon just added a commentary .
2017-04-25 10:32 => function : addCommentary || User Appolyon just added a commentary .
2017-04-25 10:32 => function : addCommentary || User Appolyon just added a commentary .
2017-04-25 10:32 => function : addCommentary || User Appolyon just added a commentary .
2017-04-25 10:32 => function : addCommentary || User Appolyon just added a commentary .
2017-04-25 10:32 => function : addCommentary || User Appolyon just added a commentary .
2017-04-25 10:32 => function : addCommentary || User Appolyon just added a commentary .
2017-04-25 10:32 => function : addCommentary || User Appolyon just added a commentary .
2017-04-25 10:32 => function : addCommentary || User Appolyon just added a commentary .
2017-04-25 10:32 => function : addCommentary || User Appolyon just added a commentary .
2017-04-25 10:32 => function : addCommentary || User Appolyon just added a commentary .
2017-04-25 10:32 => function : addCommentary || User Appolyon just added a commentary .
2017-04-25 10:32 => function : addCommentary || User Appolyon just added a commentary .
2017-04-25 10:32 => function : addCommentary || User Appolyon just added a commentary .
2017-04-25 10:32 => function : addCommentary || User Appolyon just added a commentary .
2017-04-25 10:33 => function : addCommentary || User Appolyon just added a commentary .
2017-04-25 10:33 => function : addCommentary || User Appolyon just added a commentary .
2017-04-25 10:33 => function : addCommentary || User Appolyon just added a commentary .
2017-04-25 10:33 => function : addCommentary || User Appolyon just added a commentary .
2017-04-25 10:36 => function : addCommentary || User Appolyon just added a commentary .
2017-04-25 10:38 => function : addCommentary || User Appolyon just added a commentary .
2017-04-25 10:38 => function : addCommentary || User Appolyon just added a commentary .
2017-04-25 10:41 => function : addCommentary || User Appolyon just added a commentary .
2017-04-25 10:42 => function : addCommentary || User Appolyon just added a commentary .
2017-04-25 10:42 => function : addCommentary || User Appolyon just added a commentary .
2017-04-25 10:43 => function : addCommentary || User Appolyon just added a commentary .
2017-04-25 10:43 => function : addCommentary || User Appolyon just added a commentary .
2017-04-25 10:44 => function : addCommentary || User Appolyon just added a commentary .
2017-04-25 10:45 => function : addCommentary || User Appolyon just added a commentary .
2017-04-25 10:45 => function : addCommentary || User Appolyon just added a commentary .
2017-04-25 10:46 => function : addCommentary || User Appolyon just added a commentary .
2017-04-25 10:46 => function : addCommentary || User Appolyon just added a commentary .
2017-04-25 10:47 => function : addCommentary || User Appolyon just added a commentary .
2017-04-25 12:01 => function : userLogin || User Appolyon just connected.
2017-04-25 12:09 => function : userLogin || User Berserker just connected.
2017-04-25 12:09 => function : addCommentary || User Berserker just added a commentary .
2017-04-25 12:09 => function : addCommentary || User Berserker just added a commentary .
2017-04-25 12:13 => function : addCommentary || User Berserker just added a commentary .
2017-04-25 12:15 => function : addCommentary || User Berserker just added a commentary .
2017-04-25 12:26 => function : userLogin || User Berserker just connected.
2017-04-25 12:27 => function : insertArticles || User Berserker just created a new Article named gergegrege.
2017-04-25 12:30 => function : insertArticles || User Berserker just created a new Article named Je m'apelles toto.
2017-04-25 14:45 => function : addCommentary || User Berserker just added a commentary .
2017-04-25 15:17 => function : userLogin || User Berserker just connected.
2017-04-25 15:58 => function : userLogin || User Appolyon just connected.
2017-04-25 19:36 => function : addCommentary || User Appolyon just added a commentary .
2017-04-25 19:37 => function : addCommentary || User Appolyon just added a commentary .
2017-04-25 19:37 => function : addCommentary || User Appolyon just added a commentary .
2017-04-25 19:51 => function : articleEdition || User Appolyon just updated his article 
2017-04-25 19:51 => function : articleEdition || User Appolyon just updated his article 
2017-04-25 19:52 => function : articleEdition || User Appolyon just updated his article 
2017-04-25 19:53 => function : articleEdition || User Appolyon just updated his article 
2017-04-25 19:53 => function : articleEdition || User Appolyon just updated his article 
2017-04-25 19:54 => function : articleEdition || User Appolyon just updated his article 
2017-04-25 19:54 => function : articleEdition || User Appolyon just updated his article 
2017-04-25 19:54 => function : articleEdition || User Appolyon just updated his article 
2017-04-25 19:54 => function : articleEdition || User Appolyon just updated his article 
2017-04-25 19:55 => function : articleEdition || User Appolyon just updated his article 
2017-04-25 19:56 => function : articleEdition || User Appolyon just updated his article 
2017-04-25 19:58 => function : articleEdition || User Appolyon just updated his article 
2017-04-25 19:59 => function : articleEdition || User Appolyon just updated his article 
2017-04-25 20:02 => function : articleEdition || User Appolyon just updated his article 
2017-04-25 20:02 => function : articleEdition || User Appolyon just updated his article 
2017-04-25 20:10 => function : articleEdition || User Appolyon just updated his article 
2017-04-25 20:10 => function : articleEdition || User Appolyon just updated his article 
2017-04-25 20:16 => function : articleEdition || User Appolyon just updated his article 
2017-04-25 20:17 => function : articleEdition || User Appolyon just updated his article 
2017-04-25 20:18 => function : articleEdition || User Appolyon just updated his article 
2017-04-25 20:22 => function : articleEdition || User Appolyon just updated his article 
2017-04-25 20:27 => function : articleEdition || User Appolyon just updated his article 
2017-04-25 20:28 => function : articleEdition || User Appolyon just updated his article 
2017-04-25 20:39 => function : articleEdition || User Appolyon just updated his article 
2017-04-25 20:40 => function : articleEdition || User Appolyon just updated his article 
2017-04-25 20:41 => function : articleEdition || User Appolyon just updated his article 
2017-04-25 20:41 => function : articleEdition || User Appolyon just updated his article 
2017-04-25 20:42 => function : articleEdition || User Appolyon just updated his article 
2017-04-26 08:02 => function : userLogin || User Appolyon just connected.
2017-04-26 08:03 => function : articleEdition || User Appolyon just updated his article 
2017-04-26 08:10 => function : articleEdition || User Appolyon just updated his article 
2017-04-26 08:20 => function : articleEdition || User Appolyon just updated his article 
2017-04-26 08:21 => function : articleEdition || User Appolyon just updated his article 
2017-04-26 08:21 => function : articleEdition || User Appolyon just updated his article 
2017-04-26 08:21 => function : articleEdition || User Appolyon just updated his article 
2017-04-26 08:22 => function : articleEdition || User Appolyon just updated his article 
2017-04-26 08:22 => function : articleEdition || User Appolyon just updated his article 
2017-04-26 08:25 => function : articleEdition || User Appolyon just updated his article 
2017-04-26 08:25 => function : articleEdition || User Appolyon just updated his article 
2017-04-26 08:25 => function : articleEdition || User Appolyon just updated his article 
2017-04-26 08:26 => function : articleEdition || User Appolyon just updated his article 
2017-04-26 08:26 => function : articleEdition || User Appolyon just updated his article 
2017-04-26 08:41 => function : articleEdition || User Appolyon just updated his article 
2017-04-26 08:41 => function : articleEdition || User Appolyon just updated his article 
2017-04-26 08:41 => function : articleEdition || User Appolyon just updated his article 
2017-04-26 08:45 => function : articleEdition || User Appolyon just updated his article 
2017-04-26 08:47 => function : articleEdition || User Appolyon just updated his article 
2017-04-26 08:48 => function : articleEdition || User Appolyon just updated his article 
2017-04-26 08:49 => function : articleEdition || User Appolyon just updated his article 
2017-04-26 08:49 => function : articleEdition || User Appolyon just updated his article 
2017-04-26 08:49 => function : articleEdition || User Appolyon just updated his article 
2017-04-26 09:02 => function : articleEdition || User Appolyon just updated his article 
2017-04-26 09:07 => function : articleEdition || User Appolyon just updated his article 
2017-04-26 09:07 => function : articleEdition || User Appolyon just updated his article 
